#
# There is insufficient memory for the Java Runtime Environment to continue.
# Native memory allocation (mmap) failed to map 4194304 bytes for G1 virtual space
# Possible reasons:
#   The system is out of physical RAM or swap space
#   The process is running with CompressedOops enabled, and the Java Heap may be blocking the growth of the native heap
# Possible solutions:
#   Reduce memory load on the system
#   Increase physical memory or swap space
#   Check if swap backing store is full
#   Decrease Java heap size (-Xmx/-Xms)
#   Decrease number of Java threads
#   Decrease Java thread stack sizes (-Xss)
#   Set larger code cache with -XX:ReservedCodeCacheSize=
#   JVM is running with Zero Based Compressed Oops mode in which the Java heap is
#     placed in the first 32GB address space. The Java Heap base address is the
#     maximum limit for the native heap growth. Please use -XX:HeapBaseMinAddress
#     to set the Java Heap base and to place the Java Heap above 32GB virtual address.
# This output file may be truncated or incomplete.
#
#  Out of Memory Error (os_windows.cpp:3535), pid=14504, tid=6512
#
# JRE version:  (17.0.4+11) (build )
# Java VM: Java HotSpot(TM) 64-Bit Server VM (17.0.4+11-LTS-179, mixed mode, sharing, tiered, compressed oops, compressed class ptrs, g1 gc, windows-amd64)
# No core dump will be written. Minidumps are not enabled by default on client versions of Windows
#

---------------  S U M M A R Y ------------

Command Line: -Dfile.encoding=UTF-8 --module-path=C:\Users\Alek\Documents\NetBeansProjects\Klijent\build\classes klijent.Klijent

Host: Intel(R) Core(TM) i7-9750H CPU @ 2.60GHz, 12 cores, 15G,  Windows 10 , 64 bit Build 19041 (10.0.19041.2788)
Time: Mon May 22 10:04:49 2023 Central Europe Daylight Time elapsed time: 0.018259 seconds (0d 0h 0m 0s)

---------------  T H R E A D  ---------------

Current thread (0x0000016d064a2b90):  JavaThread "Unknown thread" [_thread_in_vm, id=6512, stack(0x0000004be7d00000,0x0000004be7e00000)]

Stack: [0x0000004be7d00000,0x0000004be7e00000]
Native frames: (J=compiled Java code, j=interpreted, Vv=VM code, C=native code)
V  [jvm.dll+0x6723da]
V  [jvm.dll+0x7d1f74]
V  [jvm.dll+0x7d371e]
V  [jvm.dll+0x7d3d83]
V  [jvm.dll+0x242ed5]
V  [jvm.dll+0x66f2f9]
V  [jvm.dll+0x663c42]
V  [jvm.dll+0x30103b]
V  [jvm.dll+0x3085d6]
V  [jvm.dll+0x358478]
V  [jvm.dll+0x35867f]
V  [jvm.dll+0x2d8258]
V  [jvm.dll+0x2d91c4]
V  [jvm.dll+0x7a3a51]
V  [jvm.dll+0x3662a1]
V  [jvm.dll+0x782dcc]
V  [jvm.dll+0x3e8bff]
V  [jvm.dll+0x3ea6a1]
C  [jli.dll+0x527b]
C  [ucrtbase.dll+0x21bb2]
C  [KERNEL32.DLL+0x17604]
C  [ntdll.dll+0x526a1]


---------------  P R O C E S S  ---------------

Threads class SMR info:
_java_thread_list=0x00007ffd1498a858, length=0, elements={
}

Java Threads: ( => current thread )

Other Threads:
  0x0000016d0650da60 GCTaskThread "GC Thread#0" [stack: 0x0000004be7e00000,0x0000004be7f00000] [id=14264]
  0x0000016d0651e8c0 ConcurrentGCThread "G1 Main Marker" [stack: 0x0000004be7f00000,0x0000004be8000000] [id=7656]
  0x0000016d0651fa70 ConcurrentGCThread "G1 Conc#0" [stack: 0x0000004be8000000,0x0000004be8100000] [id=720]

[error occurred during error reporting (printing all threads), id 0xc0000005, EXCEPTION_ACCESS_VIOLATION (0xc0000005) at pc=0x00007ffd141d8c47]

VM state: not at safepoint (not fully initialized)

VM Mutex/Monitor currently owned by a thread:  ([mutex/lock_event])
[0x0000016d0649c5c0] Heap_lock - owner thread: 0x0000016d064a2b90

Heap address: 0x0000000701a00000, size: 4070 MB, Compressed Oops mode: Zero based, Oop shift amount: 3

CDS archive(s) mapped at: [0x0000000000000000-0x0000000000000000-0x0000000000000000), size 0, SharedBaseAddress: 0x0000000800000000, ArchiveRelocationMode: 0.
Narrow klass base: 0x0000000000000000, Narrow klass shift: 0, Narrow klass range: 0x0

GC Precious Log:
<Empty>

Heap:
 garbage-first heap   total 0K, used 0K [0x0000000701a00000, 0x0000000800000000)
  region size 2048K, 0 young (0K), 0 survivors (0K)

[error occurred during error reporting (printing heap information), id 0xc0000005, EXCEPTION_ACCESS_VIOLATION (0xc0000005) at pc=0x00007ffd145bb889]

GC Heap History (0 events):
No events

Deoptimization events (0 events):
No events

Classes unloaded (0 events):
No events

Classes redefined (0 events):
No events

Internal exceptions (0 events):
No events

VM Operations (0 events):
No events

Events (1 events):
Event: 0.011 Loaded shared library C:\Program Files\Java\jdk-17.0.4\bin\java.dll


Dynamic libraries:
0x00007ff727a50000 - 0x00007ff727a60000 	C:\Program Files\Java\jdk-17.0.4\bin\java.exe
0x00007ffd4f210000 - 0x00007ffd4f408000 	C:\Windows\SYSTEM32\ntdll.dll
0x00007ffd13970000 - 0x00007ffd13989000 	C:\Program Files\Avast Software\Avast\aswhook.dll
0x00007ffd4d290000 - 0x00007ffd4d34f000 	C:\Windows\System32\KERNEL32.DLL
0x00007ffd4cca0000 - 0x00007ffd4cf7a000 	C:\Windows\System32\KERNELBASE.dll
0x00007ffd4d170000 - 0x00007ffd4d270000 	C:\Windows\System32\ucrtbase.dll
0x00007ffd48120000 - 0x00007ffd4813a000 	C:\Program Files\Java\jdk-17.0.4\bin\VCRUNTIME140.dll
0x00007ffd42ef0000 - 0x00007ffd42f08000 	C:\Program Files\Java\jdk-17.0.4\bin\jli.dll
0x00007ffd4d9c0000 - 0x00007ffd4da6e000 	C:\Windows\System32\ADVAPI32.dll
0x00007ffd4d850000 - 0x00007ffd4d8ee000 	C:\Windows\System32\msvcrt.dll
0x00007ffd4db30000 - 0x00007ffd4dbcc000 	C:\Windows\System32\sechost.dll
0x00007ffd4dfe0000 - 0x00007ffd4e106000 	C:\Windows\System32\RPCRT4.dll
0x00007ffd4d350000 - 0x00007ffd4d4ed000 	C:\Windows\System32\USER32.dll
0x00007ffd379d0000 - 0x00007ffd37c6a000 	C:\Windows\WinSxS\amd64_microsoft.windows.common-controls_6595b64144ccf1df_6.0.19041.1110_none_60b5254171f9507e\COMCTL32.dll
0x00007ffd4c920000 - 0x00007ffd4c942000 	C:\Windows\System32\win32u.dll
0x00007ffd4e110000 - 0x00007ffd4e13b000 	C:\Windows\System32\GDI32.dll
0x00007ffd4d030000 - 0x00007ffd4d140000 	C:\Windows\System32\gdi32full.dll
0x00007ffd4c9a0000 - 0x00007ffd4ca3d000 	C:\Windows\System32\msvcp_win.dll
0x00007ffd41c40000 - 0x00007ffd41c4a000 	C:\Windows\SYSTEM32\VERSION.dll
0x00007ffd4da70000 - 0x00007ffd4daa0000 	C:\Windows\System32\IMM32.DLL
0x00007ffd48110000 - 0x00007ffd4811c000 	C:\Program Files\Java\jdk-17.0.4\bin\vcruntime140_1.dll
0x00007ffd3cbd0000 - 0x00007ffd3cc5d000 	C:\Program Files\Java\jdk-17.0.4\bin\msvcp140.dll
0x00007ffd13ef0000 - 0x00007ffd14ab2000 	C:\Program Files\Java\jdk-17.0.4\bin\server\jvm.dll
0x00007ffd4e1a0000 - 0x00007ffd4e1a8000 	C:\Windows\System32\PSAPI.DLL
0x00007ffd41c10000 - 0x00007ffd41c37000 	C:\Windows\SYSTEM32\WINMM.dll
0x00007ffd45dc0000 - 0x00007ffd45dc9000 	C:\Windows\SYSTEM32\WSOCK32.dll
0x00007ffd4f030000 - 0x00007ffd4f09b000 	C:\Windows\System32\WS2_32.dll
0x00007ffd4a7a0000 - 0x00007ffd4a7b2000 	C:\Windows\SYSTEM32\kernel.appcore.dll
0x00007ffd47f10000 - 0x00007ffd47f1a000 	C:\Program Files\Java\jdk-17.0.4\bin\jimage.dll
0x00007ffd48380000 - 0x00007ffd48564000 	C:\Windows\SYSTEM32\DBGHELP.DLL
0x00007ffd48340000 - 0x00007ffd48374000 	C:\Windows\SYSTEM32\dbgcore.DLL
0x00007ffd4cab0000 - 0x00007ffd4cb32000 	C:\Windows\System32\bcryptPrimitives.dll
0x00007ffd40810000 - 0x00007ffd40835000 	C:\Program Files\Java\jdk-17.0.4\bin\java.dll

dbghelp: loaded successfully - version: 4.0.5 - missing functions: none
symbol engine: initialized successfully - sym options: 0x614 - pdb path: .;C:\Program Files\Java\jdk-17.0.4\bin;C:\Windows\SYSTEM32;C:\Program Files\Avast Software\Avast;C:\Windows\WinSxS\amd64_microsoft.windows.common-controls_6595b64144ccf1df_6.0.19041.1110_none_60b5254171f9507e;C:\Program Files\Java\jdk-17.0.4\bin\server

VM Arguments:
jvm_args: -Dfile.encoding=UTF-8 --module-path=C:\Users\Alek\Documents\NetBeansProjects\Klijent\build\classes 
java_command: klijent.Klijent
java_class_path (initial): C:\Users\Alek\Documents\NetBeansProjects\CommonLib\build\classes;C:\Users\Alek\Downloads\jcalendar-1.4.jar\jcalendar-1.4.jar;C:\Users\Alek\Documents\NetBeansProjects\Klijent\build\classes
Launcher Type: SUN_STANDARD

[Global flags]
     intx CICompilerCount                          = 4                                         {product} {ergonomic}
     uint ConcGCThreads                            = 3                                         {product} {ergonomic}
     uint G1ConcRefinementThreads                  = 10                                        {product} {ergonomic}
   size_t G1HeapRegionSize                         = 2097152                                   {product} {ergonomic}
    uintx GCDrainStackTargetSize                   = 64                                        {product} {ergonomic}
   size_t InitialHeapSize                          = 268435456                                 {product} {ergonomic}
   size_t MarkStackSize                            = 4194304                                   {product} {ergonomic}
   size_t MaxHeapSize                              = 4267704320                                {product} {ergonomic}
   size_t MinHeapDeltaBytes                        = 2097152                                   {product} {ergonomic}
   size_t MinHeapSize                              = 8388608                                   {product} {ergonomic}
    uintx NonNMethodCodeHeapSize                   = 5839372                                {pd product} {ergonomic}
    uintx NonProfiledCodeHeapSize                  = 122909434                              {pd product} {ergonomic}
    uintx ProfiledCodeHeapSize                     = 122909434                              {pd product} {ergonomic}
    uintx ReservedCodeCacheSize                    = 251658240                              {pd product} {ergonomic}
     bool SegmentedCodeCache                       = true                                      {product} {ergonomic}
   size_t SoftMaxHeapSize                          = 4267704320                             {manageable} {ergonomic}
     bool UseCompressedClassPointers               = true                           {product lp64_product} {ergonomic}
     bool UseCompressedOops                        = true                           {product lp64_product} {ergonomic}
     bool UseG1GC                                  = true                                      {product} {ergonomic}
     bool UseLargePagesIndividualAllocation        = false                                  {pd product} {ergonomic}

Logging:
Log output configuration:
 #0: stdout all=warning uptime,level,tags
 #1: stderr all=off uptime,level,tags

Environment Variables:
JAVA_HOME=C:\Program Files\Java\jdk-17.0.4
PATH=C:\Program Files\Common Files\Oracle\Java\javapath;C:\Program Files (x86)\Intel\Intel(R) Management Engine Components\iCLS\;C:\Program Files\Intel\Intel(R) Management Engine Components\iCLS\;C:\Windows\system32;C:\Windows;C:\Windows\System32\Wbem;C:\Windows\System32\WindowsPowerShell\v1.0\;C:\Windows\System32\OpenSSH\;C:\Program Files\Git\cmd;C:\xampp\php;C:\ProgramData\ComposerSetup\bin;C:\Program Files\nodejs\;C:\Program Files\Docker\Docker\resources\bin;C:\Program Files\MySQL\MySQL Shell 8.0\bin\;C:\Users\Alek\AppData\Local\Microsoft\WindowsApps;C:\Users\Alek\AppData\Local\Programs\Microsoft VS Code\bin;C:\Users\Alek\AppData\Roaming\Composer\vendor\bin;C:\Users\Alek\AppData\Roaming\npm;C:\Program Files\Java\jdk-17.0.4\bin;C:\apache-maven-3.9.0\bin;
USERNAME=Alek
OS=Windows_NT
PROCESSOR_IDENTIFIER=Intel64 Family 6 Model 158 Stepping 10, GenuineIntel



---------------  S Y S T E M  ---------------

OS:
 Windows 10 , 64 bit Build 19041 (10.0.19041.2788)
OS uptime: 1 days 20:23 hours
Hyper-V role detected

CPU: total 12 (initial active 12) (6 cores per cpu, 2 threads per core) family 6 model 158 stepping 10 microcode 0xf0, cx8, cmov, fxsr, ht, mmx, 3dnowpref, sse, sse2, sse3, ssse3, sse4.1, sse4.2, popcnt, lzcnt, tsc, tscinvbit, avx, avx2, aes, erms, clmul, bmi1, bmi2, adx, fma, vzeroupper, clflush, clflushopt, hv

Memory: 4k page, system-wide physical 16278M (9369M free)
TotalPageFile size 27286M (AvailPageFile size 7M)
current process WorkingSet (physical memory assigned to process): 10M, peak: 10M
current process commit charge ("private bytes"): 325M, peak: 328M

vm_info: Java HotSpot(TM) 64-Bit Server VM (17.0.4+11-LTS-179) for windows-amd64 JRE (17.0.4+11-LTS-179), built on Jun 28 2022 08:23:05 by "mach5one" with MS VC++ 16.8 / 16.9 (VS2019)

END.
